<?xml version="1.0" encoding="UTF-8"?>
<!-- Generated by org.testng.reporters.JUnitReportReporter -->
<testsuite hostname="ASUS" failures="0" tests="1" name="dockerValidation.stopDocker" time="20.398" errors="0" timestamp="2023-03-08T10:50:48 IST" skipped="0">
  <testcase classname="dockerValidation.stopDocker" name="stopFile" time="20.398"/>
  <system-out/>
</testsuite> <!-- dockerValidation.stopDocker -->
