<?xml version="1.0" encoding="UTF-8"?>
<!-- Generated by org.testng.reporters.JUnitReportReporter -->
<testsuite hostname="ASUS" failures="0" tests="1" name="dockerValidation.chromeTest5" time="45.484" errors="0" timestamp="2023-03-08T12:14:23 IST" skipped="0">
  <testcase classname="dockerValidation.chromeTest5" name="case1" time="45.484"/>
  <system-out/>
</testsuite> <!-- dockerValidation.chromeTest5 -->
