<?xml version="1.0" encoding="UTF-8"?>
<!-- Generated by org.testng.reporters.JUnitReportReporter -->
<testsuite hostname="ASUS" failures="0" tests="1" name="dockerValidation.startDocker" time="3.088" errors="0" timestamp="2023-03-08T10:46:50 IST" skipped="0">
  <testcase classname="dockerValidation.startDocker" name="startFile" time="3.088"/>
  <system-out/>
</testsuite> <!-- dockerValidation.startDocker -->
