<?xml version="1.0" encoding="UTF-8"?>
<!-- Generated by org.testng.reporters.JUnitReportReporter -->
<testsuite hostname="ASUS" failures="0" tests="1" name="dockerValidation.chromeTest2" time="41.670" errors="0" timestamp="2023-03-08T12:14:23 IST" skipped="0">
  <testcase classname="dockerValidation.chromeTest2" name="case1" time="41.670"/>
  <system-out/>
</testsuite> <!-- dockerValidation.chromeTest2 -->
