<?xml version="1.0" encoding="UTF-8"?>
<!-- Generated by org.testng.reporters.JUnitReportReporter -->
<testsuite hostname="ASUS" failures="0" tests="1" name="dockerValidation.chromeTest1" time="14.256" errors="0" timestamp="2023-03-09T11:26:13 IST" skipped="0">
  <testcase classname="dockerValidation.chromeTest1" name="case1" time="14.256"/>
  <system-out/>
</testsuite> <!-- dockerValidation.chromeTest1 -->
