<?xml version="1.0" encoding="UTF-8"?>
<!-- Generated by org.testng.reporters.JUnitReportReporter -->
<testsuite hostname="ASUS" failures="0" tests="1" name="dockerValidation.chromeTest4" time="15.841" errors="0" timestamp="2023-03-09T11:26:13 IST" skipped="0">
  <testcase classname="dockerValidation.chromeTest4" name="case1" time="15.841"/>
  <system-out/>
</testsuite> <!-- dockerValidation.chromeTest4 -->
